vlog/manifest-merger-release-report.txt
-- Merging decision tree log ---
manifest
ADDED from AndroidManifest.xml:2:1
	package
		ADDED from AndroidManifest.xml:3:5
		INJECTED from AndroidManifest.xml:0:0
		INJECTED from AndroidManifest.xml:0:0
	android:versionName
		INJECTED from AndroidManifest.xml:0:0
		INJECTED from AndroidManifest.xml:0:0
	xmlns:android
		ADDED from AndroidManifest.xml:2:11
	android:versionCode
		INJECTED from AndroidManifest.xml:0:0
		INJECTED from AndroidManifest.xml:0:0
uses-permission#android.permission.INTERNET
ADDED from AndroidManifest.xml:5:5
MERGED from com.crashlytics.sdk.android:crashlytics:2.5.5:9:5
MERGED from com.crashlytics.sdk.android:answers:1.3.6:9:5
MERGED from io.fabric.sdk.android:fabric:1.3.10:25:5
MERGED from com.crashlytics.sdk.android:crashlytics-core:2.3.8:9:5
MERGED from com.crashlytics.sdk.android:answers:1.3.6:9:5
MERGED from io.fabric.sdk.android:fabric:1.3.10:25:5
MERGED from io.fabric.sdk.android:fabric:1.3.10:25:5
MERGED from io.fabric.sdk.android:fabric:1.3.10:25:5
MERGED from com.crashlytics.sdk.android:beta:1.1.4:9:5
	android:name
		ADDED from AndroidManifest.xml:5:22
uses-permission#android.permission.CHANGE_WIFI_STATE
ADDED from AndroidManifest.xml:6:5
	android:name
		ADDED from AndroidManifest.xml:6:22
uses-permission#android.permission.READ_PHONE_STATE
ADDED from AndroidManifest.xml:7:5
	android:name
		ADDED from AndroidManifest.xml:7:22
uses-permission#android.permission.CHANGE_NETWORK_STATE
ADDED from AndroidManifest.xml:9:5
	android:name
		ADDED from AndroidManifest.xml:9:22
uses-permission#android.permission.ACCESS_WIFI_STATE
ADDED from AndroidManifest.xml:11:5
	android:name
		ADDED from AndroidManifest.xml:11:22
uses-permission#android.permission.ACCESS_NETWORK_STATE
ADDED from AndroidManifest.xml:12:5
	android:name
		ADDED from AndroidManifest.xml:12:22
uses-permission#android.permission.CHANGE_WIFI_MULTICAST_STATE
ADDED from AndroidManifest.xml:13:5
	android:name
		ADDED from AndroidManifest.xml:13:22
uses-permission#android.permission.RECEIVE_BOOT_COMPLETED
ADDED from AndroidManifest.xml:14:5
	android:name
		ADDED from AndroidManifest.xml:14:22
uses-permission#android.permission.WAKE_LOCK
ADDED from AndroidManifest.xml:15:5
	android:name
		ADDED from AndroidManifest.xml:15:22
supports-screens
ADDED from AndroidManifest.xml:17:5
	android:largeScreens
		ADDED from AndroidManifest.xml:19:9
	android:smallScreens
		ADDED from AndroidManifest.xml:21:9
	android:normalScreens
		ADDED from AndroidManifest.xml:20:9
	android:xlargeScreens
		ADDED from AndroidManifest.xml:22:9
	android:anyDensity
		ADDED from AndroidManifest.xml:18:9
application
ADDED from AndroidManifest.xml:23:5
MERGED from com.android.support:appcompat-v7:23.0.0:22:5
MERGED from com.android.support:support-v4:23.0.0:22:5
MERGED from com.android.support:appcompat-v7:23.0.0:22:5
MERGED from com.android.support:support-v4:23.0.0:22:5
MERGED from IMDB:materialDesign:unspecified:11:5
MERGED from com.android.support:appcompat-v7:23.0.0:22:5
MERGED from com.android.support:support-v4:23.0.0:22:5
MERGED from com.android.support:cardview-v7:23.0.0:22:5
MERGED from com.android.support:support-v4:23.0.0:22:5
MERGED from com.crashlytics.sdk.android:crashlytics:2.5.5:11:5
MERGED from com.crashlytics.sdk.android:answers:1.3.6:11:5
MERGED from io.fabric.sdk.android:fabric:1.3.10:27:5
MERGED from com.crashlytics.sdk.android:crashlytics-core:2.3.8:11:5
MERGED from com.crashlytics.sdk.android:answers:1.3.6:11:5
MERGED from io.fabric.sdk.android:fabric:1.3.10:27:5
MERGED from io.fabric.sdk.android:fabric:1.3.10:27:5
MERGED from io.fabric.sdk.android:fabric:1.3.10:27:5
MERGED from com.crashlytics.sdk.android:beta:1.1.4:11:5
	android:label
		ADDED from AndroidManifest.xml:27:9
	android:hardwareAccelerated
		ADDED from AndroidManifest.xml:25:9
	android:allowBackup
		ADDED from AndroidManifest.xml:24:9
	android:icon
		ADDED from AndroidManifest.xml:26:9
	android:theme
		ADDED from AndroidManifest.xml:28:9
activity#com.nikhilvermavit.vlog.TabActivity
ADDED from AndroidManifest.xml:30:9
	android:screenOrientation
		ADDED from AndroidManifest.xml:33:13
	android:label
		ADDED from AndroidManifest.xml:32:13
	android:name
		ADDED from AndroidManifest.xml:31:13
intent-filter#android.intent.action.MAIN+android.intent.category.LAUNCHER
ADDED from AndroidManifest.xml:34:13
action#android.intent.action.MAIN
ADDED from AndroidManifest.xml:35:17
	android:name
		ADDED from AndroidManifest.xml:35:25
category#android.intent.category.LAUNCHER
ADDED from AndroidManifest.xml:36:17
	android:name
		ADDED from AndroidManifest.xml:36:27
receiver#com.nikhilvermavit.vlog.Services.LoginWhenConnected
ADDED from AndroidManifest.xml:40:9
	android:name
		ADDED from AndroidManifest.xml:40:19
intent-filter#android.net.conn.CONNECTIVITY_CHANGE+android.net.wifi.STATE_CHANGE+android.net.wifi.WIFI_STATE_CHANGED+android.net.wifi.supplicant.CONNECTION_CHANGE
ADDED from AndroidManifest.xml:41:13
	android:priority
		ADDED from AndroidManifest.xml:41:28
action#android.net.wifi.STATE_CHANGE
ADDED from AndroidManifest.xml:42:17
	android:name
		ADDED from AndroidManifest.xml:42:25
action#android.net.wifi.WIFI_STATE_CHANGED
ADDED from AndroidManifest.xml:43:17
	android:name
		ADDED from AndroidManifest.xml:43:25
action#android.net.conn.CONNECTIVITY_CHANGE
ADDED from AndroidManifest.xml:44:17
	android:name
		ADDED from AndroidManifest.xml:44:25
action#android.net.wifi.supplicant.CONNECTION_CHANGE
ADDED from AndroidManifest.xml:45:17
	android:name
		ADDED from AndroidManifest.xml:45:25
receiver#com.nikhilvermavit.vlog.Services.StartBootService
ADDED from AndroidManifest.xml:48:9
	android:enabled
		ADDED from AndroidManifest.xml:50:13
	android:exported
		ADDED from AndroidManifest.xml:51:13
	android:name
		ADDED from AndroidManifest.xml:49:13
intent-filter#android.intent.action.BOOT_COMPLETED+android.intent.action.QUICKBOOT_POWERON
ADDED from AndroidManifest.xml:52:13
	android:priority
		ADDED from AndroidManifest.xml:52:28
action#android.intent.action.BOOT_COMPLETED
ADDED from AndroidManifest.xml:53:17
	android:name
		ADDED from AndroidManifest.xml:53:25
action#android.intent.action.QUICKBOOT_POWERON
ADDED from AndroidManifest.xml:54:17
	android:name
		ADDED from AndroidManifest.xml:54:25
receiver#com.nikhilvermavit.vlog.Services.cancelrec
ADDED from AndroidManifest.xml:58:9
	android:name
		ADDED from AndroidManifest.xml:58:19
receiver#com.nikhilvermavit.vlog.Services.receiver
ADDED from AndroidManifest.xml:59:9
	android:name
		ADDED from AndroidManifest.xml:59:19
meta-data#io.fabric.ApiKey
ADDED from AndroidManifest.xml:60:9
	android:value
		ADDED from AndroidManifest.xml:62:13
	android:name
		ADDED from AndroidManifest.xml:61:13
uses-sdk
INJECTED from AndroidManifest.xml:0:0 reason: use-sdk injection requested
MERGED from com.android.support:appcompat-v7:23.0.0:20:5
MERGED from com.android.support:support-v4:23.0.0:20:5
MERGED from IMDB:material_edit_text:unspecified:6:5
MERGED from com.android.support:appcompat-v7:23.0.0:20:5
MERGED from com.android.support:support-v4:23.0.0:20:5
MERGED from IMDB:materialDesign:unspecified:7:5
MERGED from com.android.support:appcompat-v7:23.0.0:20:5
MERGED from com.android.support:support-v4:23.0.0:20:5
MERGED from com.android.support:cardview-v7:23.0.0:20:5
MERGED from com.android.support:recyclerview-v7:23.0.0:20:5
MERGED from com.android.support:support-v4:23.0.0:20:5
MERGED from com.crashlytics.sdk.android:crashlytics:2.5.5:7:5
MERGED from com.crashlytics.sdk.android:answers:1.3.6:7:5
MERGED from io.fabric.sdk.android:fabric:1.3.10:23:5
MERGED from com.crashlytics.sdk.android:crashlytics-core:2.3.8:7:5
MERGED from com.crashlytics.sdk.android:answers:1.3.6:7:5
MERGED from io.fabric.sdk.android:fabric:1.3.10:23:5
MERGED from io.fabric.sdk.android:fabric:1.3.10:23:5
MERGED from io.fabric.sdk.android:fabric:1.3.10:23:5
MERGED from com.crashlytics.sdk.android:beta:1.1.4:7:5
	android:targetSdkVersion
		INJECTED from AndroidManifest.xml:0:0
		INJECTED from AndroidManifest.xml:0:0
	android:minSdkVersion
		INJECTED from AndroidManifest.xml:0:0
		INJECTED from AndroidManifest.xml:0:0